{
  "numFailedTestSuites": 0,
  "numFailedTests": 0,
  "numPassedTestSuites": 9,
  "numPassedTests": 26,
  "numPendingTestSuites": 0,
  "numPendingTests": 0,
  "numRuntimeErrorTestSuites": 0,
  "numTodoTests": 0,
  "numTotalTestSuites": 9,
  "numTotalTests": 26,
  "openHandles": [],
  "snapshot": {
    "added": 0,
    "didUpdate": false,
    "failure": false,
    "filesAdded": 0,
    "filesRemoved": 0,
    "filesRemovedList": [],
    "filesUnmatched": 0,
    "filesUpdated": 0,
    "matched": 0,
    "total": 0,
    "unchecked": 0,
    "uncheckedKeysByFile": [],
    "unmatched": 0,
    "updated": 0
  },
  "startTime": 1624349104236,
  "success": true,
  "testResults": [
    {
      "assertionResults": [
        {
          "ancestorTitles": ["Input"],
          "failureMessages": [],
          "fullName": "Input should find the input via testID",
          "location": null,
          "status": "passed",
          "title": "should find the input via testID"
        },
        {
          "ancestorTitles": ["Input"],
          "failureMessages": [],
          "fullName": "Input should have a placeholder",
          "location": null,
          "status": "passed",
          "title": "should have a placeholder"
        },
        {
          "ancestorTitles": ["Input"],
          "failureMessages": [],
          "fullName": "Input should have a default value",
          "location": null,
          "status": "passed",
          "title": "should have a default value"
        },
        {
          "ancestorTitles": ["Input"],
          "failureMessages": [],
          "fullName": "Input should be disabled",
          "location": null,
          "status": "passed",
          "title": "should be disabled"
        },
        {
          "ancestorTitles": ["Input"],
          "failureMessages": [],
          "fullName": "Input should update input value",
          "location": null,
          "status": "passed",
          "title": "should update input value"
        }
      ],
      "endTime": 1624349109944,
      "message": "",
      "name": "/Users/andreasolsson/Code/GitHub/yourtimeline/src/components/atoms/input/input.test.tsx",
      "startTime": 1624349106825,
      "status": "passed",
      "summary": ""
    },
    {
      "assertionResults": [
        {
          "ancestorTitles": ["TextInput"],
          "failureMessages": [],
          "fullName": "TextInput should find the text input via testID",
          "location": null,
          "status": "passed",
          "title": "should find the text input via testID"
        },
        {
          "ancestorTitles": ["TextInput"],
          "failureMessages": [],
          "fullName": "TextInput should find the text input via text",
          "location": null,
          "status": "passed",
          "title": "should find the text input via text"
        },
        {
          "ancestorTitles": ["TextInput"],
          "failureMessages": [],
          "fullName": "TextInput should find the text input via label text",
          "location": null,
          "status": "passed",
          "title": "should find the text input via label text"
        },
        {
          "ancestorTitles": ["TextInput"],
          "failureMessages": [],
          "fullName": "TextInput should have a description",
          "location": null,
          "status": "passed",
          "title": "should have a description"
        },
        {
          "ancestorTitles": ["TextInput"],
          "failureMessages": [],
          "fullName": "TextInput should throw an error if a label us used without a name attribute",
          "location": null,
          "status": "passed",
          "title": "should throw an error if a label us used without a name attribute"
        },
        {
          "ancestorTitles": ["TextInput"],
          "failureMessages": [],
          "fullName": "TextInput should have both label and description",
          "location": null,
          "status": "passed",
          "title": "should have both label and description"
        },
        {
          "ancestorTitles": ["TextInput"],
          "failureMessages": [],
          "fullName": "TextInput should have a default value",
          "location": null,
          "status": "passed",
          "title": "should have a default value"
        },
        {
          "ancestorTitles": ["TextInput"],
          "failureMessages": [],
          "fullName": "TextInput should be disabled",
          "location": null,
          "status": "passed",
          "title": "should be disabled"
        },
        {
          "ancestorTitles": ["TextInput"],
          "failureMessages": [],
          "fullName": "TextInput should update input value",
          "location": null,
          "status": "passed",
          "title": "should update input value"
        }
      ],
      "endTime": 1624349110750,
      "message": "",
      "name": "/Users/andreasolsson/Code/GitHub/yourtimeline/src/components/molecules/text-input/text-input.test.tsx",
      "startTime": 1624349106825,
      "status": "passed",
      "summary": ""
    },
    {
      "assertionResults": [
        {
          "ancestorTitles": ["Label"],
          "failureMessages": [],
          "fullName": "Label should find the input description via testID",
          "location": null,
          "status": "passed",
          "title": "should find the input description via testID"
        },
        {
          "ancestorTitles": ["Label"],
          "failureMessages": [],
          "fullName": "Label should find the label by text content",
          "location": null,
          "status": "passed",
          "title": "should find the label by text content"
        }
      ],
      "endTime": 1624349110927,
      "message": "",
      "name": "/Users/andreasolsson/Code/GitHub/yourtimeline/src/components/atoms/label/label.test.tsx",
      "startTime": 1624349107550,
      "status": "passed",
      "summary": ""
    },
    {
      "assertionResults": [
        {
          "ancestorTitles": ["InputDescription"],
          "failureMessages": [],
          "fullName": "InputDescription should find the input description via testID",
          "location": null,
          "status": "passed",
          "title": "should find the input description via testID"
        },
        {
          "ancestorTitles": ["InputDescription"],
          "failureMessages": [],
          "fullName": "InputDescription should find the input description by text",
          "location": null,
          "status": "passed",
          "title": "should find the input description by text"
        }
      ],
      "endTime": 1624349111040,
      "message": "",
      "name": "/Users/andreasolsson/Code/GitHub/yourtimeline/src/components/atoms/input-description/input-description.test.tsx",
      "startTime": 1624349107645,
      "status": "passed",
      "summary": ""
    },
    {
      "assertionResults": [
        {
          "ancestorTitles": [],
          "failureMessages": [],
          "fullName": "renders without crashing",
          "location": null,
          "status": "passed",
          "title": "renders without crashing"
        }
      ],
      "endTime": 1624349111231,
      "message": "",
      "name": "/Users/andreasolsson/Code/GitHub/yourtimeline/src/pages/dashboard/dashboard.test.tsx",
      "startTime": 1624349106825,
      "status": "passed",
      "summary": ""
    },
    {
      "assertionResults": [
        {
          "ancestorTitles": [],
          "failureMessages": [],
          "fullName": "renders without crashing",
          "location": null,
          "status": "passed",
          "title": "renders without crashing"
        }
      ],
      "endTime": 1624349111334,
      "message": "",
      "name": "/Users/andreasolsson/Code/GitHub/yourtimeline/src/pages/login/login.test.tsx",
      "startTime": 1624349106914,
      "status": "passed",
      "summary": ""
    },
    {
      "assertionResults": [
        {
          "ancestorTitles": ["Login form"],
          "failureMessages": [],
          "fullName": "Login form should find the login form input via testID",
          "location": null,
          "status": "passed",
          "title": "should find the login form input via testID"
        },
        {
          "ancestorTitles": ["Login form"],
          "failureMessages": [],
          "fullName": "Login form should have email and password input fields",
          "location": null,
          "status": "passed",
          "title": "should have email and password input fields"
        },
        {
          "ancestorTitles": ["Login form"],
          "failureMessages": [],
          "fullName": "Login form should update email and password values",
          "location": null,
          "status": "passed",
          "title": "should update email and password values"
        }
      ],
      "endTime": 1624349111563,
      "message": "",
      "name": "/Users/andreasolsson/Code/GitHub/yourtimeline/src/components/organisms/login-form/login-form.test.tsx",
      "startTime": 1624349107549,
      "status": "passed",
      "summary": ""
    },
    {
      "assertionResults": [
        {
          "ancestorTitles": ["Button"],
          "failureMessages": [],
          "fullName": "Button should find the button via testID",
          "location": null,
          "status": "passed",
          "title": "should find the button via testID"
        },
        {
          "ancestorTitles": ["Button"],
          "failureMessages": [],
          "fullName": "Button should have a text",
          "location": null,
          "status": "passed",
          "title": "should have a text"
        }
      ],
      "endTime": 1624349111568,
      "message": "",
      "name": "/Users/andreasolsson/Code/GitHub/yourtimeline/src/components/atoms/button/button.test.tsx",
      "startTime": 1624349110831,
      "status": "passed",
      "summary": ""
    },
    {
      "assertionResults": [
        {
          "ancestorTitles": [],
          "failureMessages": [],
          "fullName": "renders without crashing",
          "location": null,
          "status": "passed",
          "title": "renders without crashing"
        }
      ],
      "endTime": 1624349111937,
      "message": "",
      "name": "/Users/andreasolsson/Code/GitHub/yourtimeline/src/App.test.tsx",
      "startTime": 1624349110171,
      "status": "passed",
      "summary": ""
    }
  ],
  "wasInterrupted": false
}
